<?xml version="1.0" encoding="UTF-8" ?>
<testsuite tests="4" failures="1" name="aequilibriumAssessment.RunCucumberTest" time="17.264" errors="0" skipped="0">
  <properties>
[...]
</properties>
  <testcase classname="Login Features" name="Login as valid users and expected to be in the inventory page #1" time="4.446"/>
  <testcase classname="Login Features" name="Login as valid users and expected to be in the inventory page #2" time="2.625">
    <failure type="java.lang.AssertionError">java.lang.AssertionError
	at org.junit.Assert.fail(Assert.java:87)
	at org.junit.Assert.assertTrue(Assert.java:42)
	at org.junit.Assert.assertTrue(Assert.java:53)
	at aequilibriumAssessment.stepdefs.InventoryStepDefinitions.i_should_be_in_the_inventory_page(InventoryStepDefinitions.java:13)
	at ✽.I should be in the inventory page(classpath:aequilibriumAssessment/TestLogin.feature:11)
</failure>
    <system-out>
@loginFeature @validUsers
Scenario Outline: Login as valid users and expected to be in the inventory page &amp;#27;[90m# aequilibriumAssessment/TestLogin.feature:16&amp;#27;[0m
===&gt;Setup driver and load browser
=====&gt;Default Site:https://www.saucedemo.com/
  &amp;#27;[32mGiven &amp;#27;[0m&amp;#27;[32mI am on the login page&amp;#27;[0m                                                  &amp;#27;[90m# aequilibriumAssessment.stepdefs.LoginStepDefinitions.i_am_on_the_login_page()&amp;#27;[0m
  &amp;#27;[32mWhen &amp;#27;[0m&amp;#27;[32mI provided the credentials &amp;#27;[0m&amp;#27;[32m&amp;#27;[1m&quot;locked_out_user&quot;&amp;#27;[0m&amp;#27;[32m and &amp;#27;[0m&amp;#27;[32m&amp;#27;[1m&quot;secret_sauce&quot;&amp;#27;[0m          &amp;#27;[90m# aequilibriumAssessment.stepdefs.LoginStepDefinitions.i_provided_the_credentials_and(java.lang.String,java.lang.String)&amp;#27;[0m
  &amp;#27;[32mAnd &amp;#27;[0m&amp;#27;[32mI try to login&amp;#27;[0m                                                            &amp;#27;[90m# aequilibriumAssessment.stepdefs.LoginStepDefinitions.i_submit_login_page()&amp;#27;[0m
  &amp;#27;[31mThen &amp;#27;[0m&amp;#27;[31mI should be in the inventory page&amp;#27;[0m                                        &amp;#27;[90m# aequilibriumAssessment.stepdefs.InventoryStepDefinitions.i_should_be_in_the_inventory_page()&amp;#27;[0m
      &amp;#27;[31mjava.lang.AssertionError
	at org.junit.Assert.fail(Assert.java:87)
	at org.junit.Assert.assertTrue(Assert.java:42)
	at org.junit.Assert.assertTrue(Assert.java:53)
	at aequilibriumAssessment.stepdefs.InventoryStepDefinitions.i_should_be_in_the_inventory_page(InventoryStepDefinitions.java:13)
	at âœ½.I should be in the inventory page(classpath:aequilibriumAssessment/TestLogin.feature:11)
&amp;#27;[0m

    Embedding My screenshot [image/png 52351 bytes]

===&gt;Tear down...
</system-out>
    <system-err>Starting ChromeDriver 91.0.4472.101 (af52a90bf87030dd1523486a1cd3ae25c5d76c9b-refs/branch-heads/4472@{#1462}) on port 5572
Only local connections are allowed.
Please see https://chromedriver.chromium.org/security-considerations for suggestions on keeping ChromeDriver safe.
ChromeDriver was started successfully.
[1628798836.188][WARNING]: This version of ChromeDriver has not been tested with Chrome version 92.
Aug 13, 2021 4:07:16 AM org.openqa.selenium.remote.ProtocolHandshake createSession
INFO: Detected dialect: W3C
</system-err>
  </testcase>
  <testcase classname="Login Features" name="Login as valid users and expected to be in the inventory page #3" time="2.52"/>
  <testcase classname="Login Features" name="Login as valid users and expected to be in the inventory page #4" time="7.673"/>
</testsuite>